<?xml version="1.0" encoding="UTF-8"?>
<testsuite name="com.restassured.DeleteMethod" tests="1" skipped="0" failures="0" errors="0" timestamp="2021-05-04T09:09:10" hostname="Kavitas-MacBook-Pro.local" time="1.783">
  <properties/>
  <testcase name="deleteRequest" classname="com.restassured.DeleteMethod" time="1.783"/>
  <system-out><![CDATA[
]]></system-out>
  <system-err><![CDATA[]]></system-err>
</testsuite>
